[0m12:40:51.377114 [debug] [MainThread]: Sending event: {'category': 'dbt', 'action': 'invocation', 'label': 'start', 'context': [<snowplow_tracker.self_describing_json.SelfDescribingJson object at 0x00000191F78D8440>, <snowplow_tracker.self_describing_json.SelfDescribingJson object at 0x00000191F578D590>, <snowplow_tracker.self_describing_json.SelfDescribingJson object at 0x00000191F9BDBD90>]}


============================== 12:40:51.387525 | d9b3f15d-48e1-4aaa-b36b-b2a0fd56ba3c ==============================
[0m12:40:51.387525 [info ] [MainThread]: Running with dbt=1.10.15
[0m12:40:51.388659 [debug] [MainThread]: running dbt with arguments {'static_parser': 'True', 'no_print': 'None', 'version_check': 'True', 'warn_error_options': 'WarnErrorOptionsV2(error=[], warn=[], silence=[])', 'target_path': 'None', 'printer_width': '80', 'write_json': 'True', 'introspect': 'True', 'log_cache_events': 'False', 'empty': 'None', 'cache_selected_only': 'False', 'log_format': 'default', 'debug': 'False', 'fail_fast': 'False', 'profiles_dir': 'C:\\Users\\3D\\.dbt', 'send_anonymous_usage_stats': 'True', 'quiet': 'False', 'warn_error': 'None', 'partial_parse': 'True', 'invocation_command': 'dbt init klineforge_dbt', 'use_colors': 'True', 'indirect_selection': 'eager', 'use_experimental_parser': 'False', 'log_path': 'logs'}
[0m12:40:51.412716 [debug] [MainThread]: Starter project path: C:\Users\3D\anaconda3\Lib\site-packages\dbt\include\starter_project
[0m12:40:51.457049 [info ] [MainThread]: 
Your new dbt project "klineforge_dbt" was created!

For more information on how to configure the profiles.yml file,
please consult the dbt documentation here:

  https://docs.getdbt.com/docs/configure-your-profile

One more thing:

Need help? Don't hesitate to reach out to us via GitHub issues or on Slack:

  https://community.getdbt.com/

Happy modeling!

[0m12:40:51.458225 [info ] [MainThread]: Setting up your profile.
[0m12:41:03.115341 [debug] [MainThread]: Snowflake adapter: Setting snowflake.connector to ERROR (file logging only)
[0m12:41:03.115940 [debug] [MainThread]: Snowflake adapter: Setting botocore to ERROR (file logging only)
[0m12:41:03.116308 [debug] [MainThread]: Snowflake adapter: Setting boto3 to ERROR (file logging only)
[0m12:45:35.453815 [info ] [MainThread]: Profile klineforge_dbt written to C:\Users\3D\.dbt\profiles.yml using target's profile_template.yml and your supplied values. Run 'dbt debug' to validate the connection.
[0m12:45:35.458053 [debug] [MainThread]: Command `dbt init` succeeded at 12:45:35.456055 after 284.22 seconds
[0m12:45:35.459353 [debug] [MainThread]: Sending event: {'category': 'dbt', 'action': 'invocation', 'label': 'end', 'context': [<snowplow_tracker.self_describing_json.SelfDescribingJson object at 0x00000191FD2ABBB0>, <snowplow_tracker.self_describing_json.SelfDescribingJson object at 0x00000191FB5D7650>, <snowplow_tracker.self_describing_json.SelfDescribingJson object at 0x00000191FD2EDD00>]}
[0m12:45:35.460311 [debug] [MainThread]: Flushing usage events
[0m12:45:42.800114 [debug] [MainThread]: An error was encountered while trying to flush usage events
[0m21:49:45.168482 [debug] [MainThread]: Sending event: {'category': 'dbt', 'action': 'invocation', 'label': 'start', 'context': [<snowplow_tracker.self_describing_json.SelfDescribingJson object at 0x000002F4080F8440>, <snowplow_tracker.self_describing_json.SelfDescribingJson object at 0x000002F405FAD590>, <snowplow_tracker.self_describing_json.SelfDescribingJson object at 0x000002F40A3EFD90>]}


============================== 21:49:45.174594 | d7e4db53-e1cf-427d-b5ee-8169cd1b93dc ==============================
[0m21:49:45.174594 [info ] [MainThread]: Running with dbt=1.10.15
[0m21:49:45.175606 [debug] [MainThread]: running dbt with arguments {'static_parser': 'True', 'no_print': 'None', 'version_check': 'True', 'warn_error_options': 'WarnErrorOptionsV2(error=[], warn=[], silence=[])', 'target_path': 'None', 'printer_width': '80', 'write_json': 'True', 'empty': 'None', 'log_cache_events': 'False', 'introspect': 'True', 'cache_selected_only': 'False', 'log_format': 'default', 'debug': 'False', 'fail_fast': 'False', 'partial_parse': 'True', 'send_anonymous_usage_stats': 'True', 'quiet': 'False', 'warn_error': 'None', 'profiles_dir': '.', 'invocation_command': 'dbt debug --profiles-dir .', 'use_colors': 'True', 'indirect_selection': 'eager', 'use_experimental_parser': 'False', 'log_path': 'logs'}
[0m21:49:45.210137 [info ] [MainThread]: dbt version: 1.10.15
[0m21:49:45.210836 [info ] [MainThread]: python version: 3.13.5
[0m21:49:45.211507 [info ] [MainThread]: python path: C:\Users\3D\anaconda3\python.exe
[0m21:49:45.212103 [info ] [MainThread]: os info: Windows-11-10.0.26100-SP0
[0m21:49:45.212753 [info ] [MainThread]: Using profiles dir at .
[0m21:49:45.213365 [info ] [MainThread]: Using profiles.yml file at .\profiles.yml
[0m21:49:45.213905 [info ] [MainThread]: Using dbt_project.yml file at D:\USER\Documents\klineforge-crypto-warehouse\klineforge-crypto-warehouse\dbt\dbt_project.yml
[0m21:49:45.214421 [info ] [MainThread]: Configuration:
[0m21:49:45.214999 [info ] [MainThread]:   profiles.yml file [[31mERROR not found[0m]
[0m21:49:45.215614 [info ] [MainThread]:   dbt_project.yml file [[31mERROR not found[0m]
[0m21:49:45.216155 [info ] [MainThread]: Required dependencies:
[0m21:49:45.216777 [debug] [MainThread]: Executing "git --help"
[0m21:49:45.268650 [debug] [MainThread]: STDOUT: "b"usage: git [-v | --version] [-h | --help] [-C <path>] [-c <name>=<value>]\n           [--exec-path[=<path>]] [--html-path] [--man-path] [--info-path]\n           [-p | --paginate | -P | --no-pager] [--no-replace-objects] [--no-lazy-fetch]\n           [--no-optional-locks] [--no-advice] [--bare] [--git-dir=<path>]\n           [--work-tree=<path>] [--namespace=<name>] [--config-env=<name>=<envvar>]\n           <command> [<args>]\n\nThese are common Git commands used in various situations:\n\nstart a working area (see also: git help tutorial)\n   clone      Clone a repository into a new directory\n   init       Create an empty Git repository or reinitialize an existing one\n\nwork on the current change (see also: git help everyday)\n   add        Add file contents to the index\n   mv         Move or rename a file, a directory, or a symlink\n   restore    Restore working tree files\n   rm         Remove files from the working tree and from the index\n\nexamine the history and state (see also: git help revisions)\n   bisect     Use binary search to find the commit that introduced a bug\n   diff       Show changes between commits, commit and working tree, etc\n   grep       Print lines matching a pattern\n   log        Show commit logs\n   show       Show various types of objects\n   status     Show the working tree status\n\ngrow, mark and tweak your common history\n   backfill   Download missing objects in a partial clone\n   branch     List, create, or delete branches\n   commit     Record changes to the repository\n   merge      Join two or more development histories together\n   rebase     Reapply commits on top of another base tip\n   reset      Reset current HEAD to the specified state\n   switch     Switch branches\n   tag        Create, list, delete or verify a tag object signed with GPG\n\ncollaborate (see also: git help workflows)\n   fetch      Download objects and refs from another repository\n   pull       Fetch from and integrate with another repository or a local branch\n   push       Update remote refs along with associated objects\n\n'git help -a' and 'git help -g' list available subcommands and some\nconcept guides. See 'git help <command>' or 'git help <concept>'\nto read about a specific subcommand or concept.\nSee 'git help git' for an overview of the system.\n""
[0m21:49:45.270157 [debug] [MainThread]: STDERR: "b''"
[0m21:49:45.271010 [info ] [MainThread]:  - git [[32mOK found[0m]

[0m21:49:45.271871 [info ] [MainThread]: Connection test skipped since no profile was found
[0m21:49:45.272581 [info ] [MainThread]: [31m2 checks failed:[0m
[0m21:49:45.273193 [info ] [MainThread]: dbt looked for a profiles.yml file in .\profiles.yml, but did
not find one. For more information on configuring your profile, consult the
documentation:

https://docs.getdbt.com/docs/configure-your-profile


[0m21:49:45.273992 [info ] [MainThread]: Project loading failed for the following reason:
 project path <D:\USER\Documents\klineforge-crypto-warehouse\klineforge-crypto-warehouse\dbt\dbt_project.yml> not found

[0m21:49:45.275003 [debug] [MainThread]: Command `dbt debug` failed at 21:49:45.274847 after 0.34 seconds
[0m21:49:45.275418 [debug] [MainThread]: Sending event: {'category': 'dbt', 'action': 'invocation', 'label': 'end', 'context': [<snowplow_tracker.self_describing_json.SelfDescribingJson object at 0x000002F40A484D60>, <snowplow_tracker.self_describing_json.SelfDescribingJson object at 0x000002F40A30E0F0>, <snowplow_tracker.self_describing_json.SelfDescribingJson object at 0x000002F409273570>]}
[0m21:49:45.275830 [debug] [MainThread]: Flushing usage events
[0m21:49:46.677641 [debug] [MainThread]: An error was encountered while trying to flush usage events
